<?xml version="1.0" encoding="UTF-8"?>
<testng-results skipped="0" failed="0" ignored="0" total="1" passed="1">
  <reporter-output>
  </reporter-output>
  <suite name="Suite" duration-ms="39601" started-at="2021-03-28T10:08:12Z" finished-at="2021-03-28T10:08:52Z">
    <groups>
      <group name="cucumber">
        <method signature="TestRunner.feature(cucumber.api.testng.CucumberFeatureWrapper)[pri:0, instance:runner.TestRunner@56ac3a89]" name="feature" class="runner.TestRunner"/>
      </group> <!-- cucumber -->
    </groups>
    <test name="ChromeTest" duration-ms="39601" started-at="2021-03-28T10:08:12Z" finished-at="2021-03-28T10:08:52Z">
      <class name="runner.TestRunner">
        <test-method status="PASS" signature="setUpClass()[pri:0, instance:runner.TestRunner@56ac3a89]" name="setUpClass" is-config="true" duration-ms="230" started-at="2021-03-28T10:08:12Z" finished-at="2021-03-28T10:08:12Z">
          <reporter-output>
          </reporter-output>
        </test-method> <!-- setUpClass -->
        <test-method status="PASS" signature="feature(cucumber.api.testng.CucumberFeatureWrapper)[pri:0, instance:runner.TestRunner@56ac3a89]" name="feature" duration-ms="39257" started-at="2021-03-28T10:08:12Z" description="Runs Cucumber Feature" data-provider="features" finished-at="2021-03-28T10:08:52Z">
          <params>
            <param index="0">
              <value>
                <![CDATA[Apply Loan]]>
              </value>
            </param>
          </params>
          <reporter-output>
          </reporter-output>
        </test-method> <!-- feature -->
        <test-method status="PASS" signature="tearDownClass()[pri:0, instance:runner.TestRunner@56ac3a89]" name="tearDownClass" is-config="true" duration-ms="17" started-at="2021-03-28T10:08:52Z" finished-at="2021-03-28T10:08:52Z">
          <reporter-output>
          </reporter-output>
        </test-method> <!-- tearDownClass -->
      </class> <!-- runner.TestRunner -->
    </test> <!-- ChromeTest -->
  </suite> <!-- Suite -->
</testng-results>
